[0.366s] Invoking command in '/home/sami/Documents/ros_assignment/src/temperature_monitor': PYTHONPATH=/home/sami/Documents/ros_assignment/build/temperature_monitor/prefix_override:/usr/lib/python3/dist-packages/colcon_core/task/python/colcon_distutils_commands:/home/sami/Documents/ros_assignment/install/temperature_monitor/lib/python3.10/site-packages:${PYTHONPATH} /usr/bin/python3 -W ignore:setup.py install is deprecated setup.py egg_info --egg-base ../../build/temperature_monitor build --build-base /home/sami/Documents/ros_assignment/build/temperature_monitor/build install --record /home/sami/Documents/ros_assignment/build/temperature_monitor/install.log --single-version-externally-managed install_data
[0.504s] running egg_info
[0.504s] writing ../../build/temperature_monitor/temperature_monitor.egg-info/PKG-INFO
[0.505s] writing dependency_links to ../../build/temperature_monitor/temperature_monitor.egg-info/dependency_links.txt
[0.505s] writing entry points to ../../build/temperature_monitor/temperature_monitor.egg-info/entry_points.txt
[0.505s] writing requirements to ../../build/temperature_monitor/temperature_monitor.egg-info/requires.txt
[0.505s] writing top-level names to ../../build/temperature_monitor/temperature_monitor.egg-info/top_level.txt
[0.506s] reading manifest file '../../build/temperature_monitor/temperature_monitor.egg-info/SOURCES.txt'
[0.506s] writing manifest file '../../build/temperature_monitor/temperature_monitor.egg-info/SOURCES.txt'
[0.506s] running build
[0.506s] running build_py
[0.507s] running install
[0.507s] running install_lib
[0.508s] running install_data
[0.508s] copying launch/temp.launch.py -> /home/sami/Documents/ros_assignment/install/temperature_monitor/share/temperature_monitor/launch/
[0.508s] running install_egg_info
[0.509s] removing '/home/sami/Documents/ros_assignment/install/temperature_monitor/lib/python3.10/site-packages/temperature_monitor-0.0.0-py3.10.egg-info' (and everything under it)
[0.509s] Copying ../../build/temperature_monitor/temperature_monitor.egg-info to /home/sami/Documents/ros_assignment/install/temperature_monitor/lib/python3.10/site-packages/temperature_monitor-0.0.0-py3.10.egg-info
[0.509s] running install_scripts
[0.524s] writing list of installed files to '/home/sami/Documents/ros_assignment/build/temperature_monitor/install.log'
[0.540s] Invoked command in '/home/sami/Documents/ros_assignment/src/temperature_monitor' returned '0': PYTHONPATH=/home/sami/Documents/ros_assignment/build/temperature_monitor/prefix_override:/usr/lib/python3/dist-packages/colcon_core/task/python/colcon_distutils_commands:/home/sami/Documents/ros_assignment/install/temperature_monitor/lib/python3.10/site-packages:${PYTHONPATH} /usr/bin/python3 -W ignore:setup.py install is deprecated setup.py egg_info --egg-base ../../build/temperature_monitor build --build-base /home/sami/Documents/ros_assignment/build/temperature_monitor/build install --record /home/sami/Documents/ros_assignment/build/temperature_monitor/install.log --single-version-externally-managed install_data
