/home/sami/Documents/ros_assignment/install/temperature_monitor/lib/python3.10/site-packages/temperature_monitor/temp_publisher.py
/home/sami/Documents/ros_assignment/install/temperature_monitor/lib/python3.10/site-packages/temperature_monitor/logging_temp.py
/home/sami/Documents/ros_assignment/install/temperature_monitor/lib/python3.10/site-packages/temperature_monitor/alert_publ.py
/home/sami/Documents/ros_assignment/install/temperature_monitor/lib/python3.10/site-packages/temperature_monitor/__init__.py
/home/sami/Documents/ros_assignment/install/temperature_monitor/lib/python3.10/site-packages/temperature_monitor/threshold_sub.py
/home/sami/Documents/ros_assignment/install/temperature_monitor/lib/python3.10/site-packages/temperature_monitor/__pycache__/temp_publisher.cpython-310.pyc
/home/sami/Documents/ros_assignment/install/temperature_monitor/lib/python3.10/site-packages/temperature_monitor/__pycache__/logging_temp.cpython-310.pyc
/home/sami/Documents/ros_assignment/install/temperature_monitor/lib/python3.10/site-packages/temperature_monitor/__pycache__/alert_publ.cpython-310.pyc
/home/sami/Documents/ros_assignment/install/temperature_monitor/lib/python3.10/site-packages/temperature_monitor/__pycache__/__init__.cpython-310.pyc
/home/sami/Documents/ros_assignment/install/temperature_monitor/lib/python3.10/site-packages/temperature_monitor/__pycache__/threshold_sub.cpython-310.pyc
/home/sami/Documents/ros_assignment/install/temperature_monitor/share/ament_index/resource_index/packages/temperature_monitor
/home/sami/Documents/ros_assignment/install/temperature_monitor/share/temperature_monitor/package.xml
/home/sami/Documents/ros_assignment/install/temperature_monitor/share/temperature_monitor/launch/temp.launch.py
/home/sami/Documents/ros_assignment/install/temperature_monitor/lib/python3.10/site-packages/temperature_monitor-0.0.0-py3.10.egg-info/top_level.txt
/home/sami/Documents/ros_assignment/install/temperature_monitor/lib/python3.10/site-packages/temperature_monitor-0.0.0-py3.10.egg-info/requires.txt
/home/sami/Documents/ros_assignment/install/temperature_monitor/lib/python3.10/site-packages/temperature_monitor-0.0.0-py3.10.egg-info/PKG-INFO
/home/sami/Documents/ros_assignment/install/temperature_monitor/lib/python3.10/site-packages/temperature_monitor-0.0.0-py3.10.egg-info/SOURCES.txt
/home/sami/Documents/ros_assignment/install/temperature_monitor/lib/python3.10/site-packages/temperature_monitor-0.0.0-py3.10.egg-info/dependency_links.txt
/home/sami/Documents/ros_assignment/install/temperature_monitor/lib/python3.10/site-packages/temperature_monitor-0.0.0-py3.10.egg-info/entry_points.txt
/home/sami/Documents/ros_assignment/install/temperature_monitor/lib/python3.10/site-packages/temperature_monitor-0.0.0-py3.10.egg-info/zip-safe
/home/sami/Documents/ros_assignment/install/temperature_monitor/lib/temperature_monitor/alert_node
/home/sami/Documents/ros_assignment/install/temperature_monitor/lib/temperature_monitor/temp_pubNode
/home/sami/Documents/ros_assignment/install/temperature_monitor/lib/temperature_monitor/threshold_node
