[0.384s] Invoking command in '/home/sami/Documents/ros2_ass1/src/temperature_monitor': PYTHONPATH=/home/sami/Documents/ros2_ass1/build/temperature_monitor/prefix_override:/usr/lib/python3/dist-packages/colcon_core/task/python/colcon_distutils_commands:/home/sami/Documents/ros2_ass1/install/temperature_monitor/lib/python3.10/site-packages:${PYTHONPATH} /usr/bin/python3 -W ignore:setup.py install is deprecated setup.py egg_info --egg-base ../../build/temperature_monitor build --build-base /home/sami/Documents/ros2_ass1/build/temperature_monitor/build install --record /home/sami/Documents/ros2_ass1/build/temperature_monitor/install.log --single-version-externally-managed install_data
[0.529s] running egg_info
[0.529s] creating ../../build/temperature_monitor/temperature_monitor.egg-info
[0.529s] writing ../../build/temperature_monitor/temperature_monitor.egg-info/PKG-INFO
[0.529s] writing dependency_links to ../../build/temperature_monitor/temperature_monitor.egg-info/dependency_links.txt
[0.529s] writing entry points to ../../build/temperature_monitor/temperature_monitor.egg-info/entry_points.txt
[0.529s] writing requirements to ../../build/temperature_monitor/temperature_monitor.egg-info/requires.txt
[0.529s] writing top-level names to ../../build/temperature_monitor/temperature_monitor.egg-info/top_level.txt
[0.529s] writing manifest file '../../build/temperature_monitor/temperature_monitor.egg-info/SOURCES.txt'
[0.530s] reading manifest file '../../build/temperature_monitor/temperature_monitor.egg-info/SOURCES.txt'
[0.531s] writing manifest file '../../build/temperature_monitor/temperature_monitor.egg-info/SOURCES.txt'
[0.531s] running build
[0.531s] running build_py
[0.531s] creating /home/sami/Documents/ros2_ass1/build/temperature_monitor/build
[0.531s] creating /home/sami/Documents/ros2_ass1/build/temperature_monitor/build/lib
[0.531s] creating /home/sami/Documents/ros2_ass1/build/temperature_monitor/build/lib/temperature_monitor
[0.531s] copying temperature_monitor/__init__.py -> /home/sami/Documents/ros2_ass1/build/temperature_monitor/build/lib/temperature_monitor
[0.531s] running install
[0.531s] running install_lib
[0.532s] creating /home/sami/Documents/ros2_ass1/install/temperature_monitor/lib/python3.10/site-packages/temperature_monitor
[0.532s] copying /home/sami/Documents/ros2_ass1/build/temperature_monitor/build/lib/temperature_monitor/__init__.py -> /home/sami/Documents/ros2_ass1/install/temperature_monitor/lib/python3.10/site-packages/temperature_monitor
[0.532s] byte-compiling /home/sami/Documents/ros2_ass1/install/temperature_monitor/lib/python3.10/site-packages/temperature_monitor/__init__.py to __init__.cpython-310.pyc
[0.532s] running install_data
[0.533s] creating /home/sami/Documents/ros2_ass1/install/temperature_monitor/share/ament_index
[0.533s] creating /home/sami/Documents/ros2_ass1/install/temperature_monitor/share/ament_index/resource_index
[0.533s] creating /home/sami/Documents/ros2_ass1/install/temperature_monitor/share/ament_index/resource_index/packages
[0.533s] copying resource/temperature_monitor -> /home/sami/Documents/ros2_ass1/install/temperature_monitor/share/ament_index/resource_index/packages
[0.533s] copying package.xml -> /home/sami/Documents/ros2_ass1/install/temperature_monitor/share/temperature_monitor
[0.533s] running install_egg_info
[0.534s] Copying ../../build/temperature_monitor/temperature_monitor.egg-info to /home/sami/Documents/ros2_ass1/install/temperature_monitor/lib/python3.10/site-packages/temperature_monitor-0.0.0-py3.10.egg-info
[0.534s] running install_scripts
[0.548s] writing list of installed files to '/home/sami/Documents/ros2_ass1/build/temperature_monitor/install.log'
[0.565s] Invoked command in '/home/sami/Documents/ros2_ass1/src/temperature_monitor' returned '0': PYTHONPATH=/home/sami/Documents/ros2_ass1/build/temperature_monitor/prefix_override:/usr/lib/python3/dist-packages/colcon_core/task/python/colcon_distutils_commands:/home/sami/Documents/ros2_ass1/install/temperature_monitor/lib/python3.10/site-packages:${PYTHONPATH} /usr/bin/python3 -W ignore:setup.py install is deprecated setup.py egg_info --egg-base ../../build/temperature_monitor build --build-base /home/sami/Documents/ros2_ass1/build/temperature_monitor/build install --record /home/sami/Documents/ros2_ass1/build/temperature_monitor/install.log --single-version-externally-managed install_data
