running egg_info
writing ../../build/temperature_monitor/temperature_monitor.egg-info/PKG-INFO
writing dependency_links to ../../build/temperature_monitor/temperature_monitor.egg-info/dependency_links.txt
writing entry points to ../../build/temperature_monitor/temperature_monitor.egg-info/entry_points.txt
writing requirements to ../../build/temperature_monitor/temperature_monitor.egg-info/requires.txt
writing top-level names to ../../build/temperature_monitor/temperature_monitor.egg-info/top_level.txt
reading manifest file '../../build/temperature_monitor/temperature_monitor.egg-info/SOURCES.txt'
writing manifest file '../../build/temperature_monitor/temperature_monitor.egg-info/SOURCES.txt'
running build
running build_py
copying temperature_monitor/logging_temp.py -> /home/sami/Documents/ros_assignment/build/temperature_monitor/build/lib/temperature_monitor
running install
running install_lib
copying /home/sami/Documents/ros_assignment/build/temperature_monitor/build/lib/temperature_monitor/logging_temp.py -> /home/sami/Documents/ros_assignment/install/temperature_monitor/lib/python3.10/site-packages/temperature_monitor
byte-compiling /home/sami/Documents/ros_assignment/install/temperature_monitor/lib/python3.10/site-packages/temperature_monitor/logging_temp.py to logging_temp.cpython-310.pyc
running install_data
running install_egg_info
removing '/home/sami/Documents/ros_assignment/install/temperature_monitor/lib/python3.10/site-packages/temperature_monitor-0.0.0-py3.10.egg-info' (and everything under it)
Copying ../../build/temperature_monitor/temperature_monitor.egg-info to /home/sami/Documents/ros_assignment/install/temperature_monitor/lib/python3.10/site-packages/temperature_monitor-0.0.0-py3.10.egg-info
running install_scripts
Installing alert_node script to /home/sami/Documents/ros_assignment/install/temperature_monitor/lib/temperature_monitor
Installing temp_pubNode script to /home/sami/Documents/ros_assignment/install/temperature_monitor/lib/temperature_monitor
Installing threshold_node=temperature_monitor.threshold_sub:mainlogging_temp script to /home/sami/Documents/ros_assignment/install/temperature_monitor/lib/temperature_monitor
writing list of installed files to '/home/sami/Documents/ros_assignment/build/temperature_monitor/install.log'
